<!DOCTYPE html>
<html>
<head>

<meta http-equiv="Content-Type" content="text/html; charset=UTF-8" />

<script src="js/jquery.min.js"></script>
<script src="js/jquery.tablesorter.min.js"></script>
<script src="js/Chart.min.js"></script>
<script src="js/moment.min.js"></script>
<script src="js/bootstrap.min.js"></script>

<link rel="stylesheet" href="css/bootstrap.min.css" type="text/css"/>
<link rel="stylesheet" href="css/cucumber.css" type="text/css"/>
<link rel="stylesheet" href="css/font-awesome.min.css"/>
<link rel="shortcut icon" href="images/favicon.png"/>

<script>
$(document).ready(function() {
    // this will tell tablesorter to try looking for the data-value attribute
    // if present, it'll sort by that instead
    // otherwise, it'll sort by the text content of the table cell
    $("#tablesorter").tablesorter({
        textAttribute: 'data-value',
        // ignores the first row of the header, the 'scenario', 'steps', since
        // sorting those doesn't make sense
        selectorHeaders: '> thead tr:not(.dont-sort) th',
        // use a stable sort
        sortStable: true
    });
});
</script>











<title>Cucumber Reports  - Failures Overview</title>

</head>

<body>

<nav class="navbar navbar-default navbar-fixed-top" id="navigation">
  <div class="container-fluid">
    <div class="collapse navbar-collapse">
      <p class="navbar-text navbar-left">Cucumber Report</p>
      <ul class="nav navbar-nav navbar-right">
        <li role="presentation" ><a href="overview-features.html">Features</a></li>
        <li role="presentation" ><a href="overview-tags.html">Tags</a></li>
        <li role="presentation" ><a href="overview-steps.html">Steps</a></li>
        <li role="presentation"  class="active" ><a href="overview-failures.html">Failures</a></li>
      </ul>
    </div>
  </div>
</nav>


<div class="container-fluid">
  <div class="col-md-5 col-md-offset-1">

<table class="table table-bordered" id="build-info">
  <thead>
    <tr>
      <th>Project</th>
      <th>Date</th>
    </tr>
  </thead>
  <tbody>
    <tr class="info">
      <td>No Name (add projectName to cucumber-reporting.properties)</td>
      <td>11 Mar 2023, 10:27</td>
    </tr>
  </tbody>
</table>

  </div>
  <div class="col-md-3 col-md-offset-2">
  </div>
</div>


<div id="report-lead" class="container-fluid">
  <div class="col-md-10 col-md-offset-1">
    <h2>Failures Overview</h2>
      <p>The following summary displays scenarios that failed.</p>
  </div>
</div>


<div class="container-fluid">
  <div class="row">
    <div class="col-md-1 col-md-offset-10">
      <i class="fa fa-chevron-circle-down fa-2x collapsable-control"
        onClick="javascript:$('#report .collapsable-details').collapse('show')"></i>
      <i class="fa fa-chevron-circle-up fa-2x collapsable-control"
        onClick="javascript:$('#report .collapsable-details').collapse('hide')"></i>
    </div>
  </div>
</div>


<div class="container-fluid" id="report">
  <div class="row">
    <div class="col-md-10 col-md-offset-1">

        <div class="elements">

<div class="element">
    <div class="indention">
      <b>Feature:</b>
      <a href="report-feature_5_2750261683.html">Wikipedia search functionality and verifications</a>
    </div>


<div class="tags indention">
    <b>Tags:</b>
       <a href="report-tag_841777745.html">@scenarioOutline</a>
</div>


  <span class="lead-duration duration">5.573</span>


  <span data-toggle="collapse" class=" collapsable-control" data-target="#element-1">

<div class="brief failed">
  <span class="keyword indention">Scenario Outline</span>
  <span class="name">Wikipedia Search FunctionalityTitle Verification</span>


     <i class="chevron fa fa-fw"></i>
</div>

  </span>
  <div class="description indention"></div>

  <div id="element-1" class="collapse collapsable-details  in ">





<div class="steps inner-level">
  <div data-toggle="collapse" class=" collapsable-control" data-target="#steps-2">

<div class="brief failed">
  <span class="keyword indention">Steps</span>
  <span class="name"></span>


     <i class="chevron fa fa-fw"></i>
</div>

  </div>

  <div id="steps-2" class="inner-level collapse collapsable-details  in ">
      <div class="step">


<div class="brief step-name-Given passed">
  <span class="keyword indention">Given</span>
  <span class="name">User is on Wikipedia home page</span>

  <span class="lead-duration duration">2.839</span>

</div>
















      </div>
      <div class="step">


<div class="brief step-name-When passed">
  <span class="keyword indention">When</span>
  <span class="name">User types <span class="argument">&quot;Steve Jobs&quot;</span> in the wiki search box</span>

  <span class="lead-duration duration">0.056</span>

</div>
















      </div>
      <div class="step">


<div class="brief step-name-And passed">
  <span class="keyword indention">And</span>
  <span class="name">User clicks wiki search button</span>

  <span class="lead-duration duration">2.648</span>

</div>
















      </div>
      <div class="step">


<div class="brief step-name-Then passed">
  <span class="keyword indention">Then</span>
  <span class="name">User sees <span class="argument">&quot;Steve Jobs&quot;</span> is in the wiki title</span>

  <span class="lead-duration duration">0.003</span>

</div>
















      </div>
      <div class="step">


<div class="brief step-name-Then failed">
  <span class="keyword indention">Then</span>
  <span class="name">User sees <span class="argument">&quot;Steve Jobs&gt;&quot;</span> is in the image header</span>

  <span class="lead-duration duration">0.024</span>

</div>






  <div class="inner-level">
    <div class="message indention">
      <div data-toggle="collapse" class=" collapsable-control" data-target="#msg-3">
          <a>java.lang.AssertionError</a>
      </div>
      <div id="msg-3" class="collapse collapsable-details  in ">
        <pre>java.lang.AssertionError
	at org.junit.Assert.fail(Assert.java:87)
	at org.junit.Assert.assertTrue(Assert.java:42)
	at org.junit.Assert.assertTrue(Assert.java:53)
	at com.cydeo.step_definitions.WikiStepDefinitions.userSeesIsInTheImageHeader(WikiStepDefinitions.java:39)
	at &#10045;.User sees &quot;Steve Jobs&gt;&quot; is in the image header(file:///C:/Users/Monster/IdeaProjects/cydeo-cucumber-junit/src/test/resources/features/wikiSearch.feature:27)
</pre>
      </div>
    </div>
  </div>











      </div>
  </div>
</div>




  <div class="inner-level hooks-element-after">
    <div data-toggle="collapse" class=" collapsed  collapsable-control" data-target="#after-4">

<div class="brief passed">
  <span class="keyword indention">Hooks</span>
  <span class="name"></span>


     <i class="chevron fa fa-fw"></i>
</div>

    </div>

    <div id="after-4" class="inner-level collapse collapsable-details ">
        <div class="hook">
          <div class="brief passed">
            <span class="keyword indention">After</span>
              <span class="location name">com.cydeo.step_definitions.Hooks.teardownScenario(io.cucumber.java.Scenario)</span>

  <span class="lead-duration duration">0.406</span>

          </div>






  <div class="embeddings inner-level">
  <div class="embedding indention">
    <div data-toggle="collapse" data-target="#embedding-5" class="collapsable-control">
      <a>Wikipedia Search FunctionalityTitle Verification</a>
      <a href="embeddings/embedding_-2135890915.png" download target="_blank">
        <span class="download-button glyphicon glyphicon-download-alt"></span>
      </a>
    </div>
    <div id="embedding-5" class="collapse collapsable-details ">
      <div class="embedding-content">
        <img src="embeddings/embedding_-2135890915.png">
      </div>
    </div>
  </div>
  </div>

        </div>
    </div>
  </div>

  </div>
</div>


<div class="element">
    <div class="indention">
      <b>Feature:</b>
      <a href="report-feature_5_2750261683.html">Wikipedia search functionality and verifications</a>
    </div>


<div class="tags indention">
    <b>Tags:</b>
       <a href="report-tag_841777745.html">@scenarioOutline</a>
</div>


  <span class="lead-duration duration">15.846</span>


  <span data-toggle="collapse" class=" collapsable-control" data-target="#element-6">

<div class="brief failed">
  <span class="keyword indention">Scenario Outline</span>
  <span class="name">Wikipedia Search FunctionalityTitle Verification</span>


     <i class="chevron fa fa-fw"></i>
</div>

  </span>
  <div class="description indention"></div>

  <div id="element-6" class="collapse collapsable-details  in ">





<div class="steps inner-level">
  <div data-toggle="collapse" class=" collapsable-control" data-target="#steps-7">

<div class="brief failed">
  <span class="keyword indention">Steps</span>
  <span class="name"></span>


     <i class="chevron fa fa-fw"></i>
</div>

  </div>

  <div id="steps-7" class="inner-level collapse collapsable-details  in ">
      <div class="step">


<div class="brief step-name-Given passed">
  <span class="keyword indention">Given</span>
  <span class="name">User is on Wikipedia home page</span>

  <span class="lead-duration duration">1.965</span>

</div>
















      </div>
      <div class="step">


<div class="brief step-name-When passed">
  <span class="keyword indention">When</span>
  <span class="name">User types <span class="argument">&quot;Cristiano Ronaldo&quot;</span> in the wiki search box</span>

  <span class="lead-duration duration">0.065</span>

</div>
















      </div>
      <div class="step">


<div class="brief step-name-And passed">
  <span class="keyword indention">And</span>
  <span class="name">User clicks wiki search button</span>

  <span class="lead-duration duration">3.684</span>

</div>
















      </div>
      <div class="step">


<div class="brief step-name-Then passed">
  <span class="keyword indention">Then</span>
  <span class="name">User sees <span class="argument">&quot;Cristiano Ronaldo&quot;</span> is in the wiki title</span>

  <span class="lead-duration duration">0.006</span>

</div>
















      </div>
      <div class="step">


<div class="brief step-name-Then failed">
  <span class="keyword indention">Then</span>
  <span class="name">User sees <span class="argument">&quot;Cristiano Ronaldo&gt;&quot;</span> is in the image header</span>

  <span class="lead-duration duration">10.124</span>

</div>






  <div class="inner-level">
    <div class="message indention">
      <div data-toggle="collapse" class=" collapsable-control" data-target="#msg-8">
          <a>org.openqa.selenium.NoSuchElementException:</a>
      </div>
      <div id="msg-8" class="collapse collapsable-details  in ">
        <pre>org.openqa.selenium.NoSuchElementException: no such element: Unable to locate element: {&quot;method&quot;:&quot;xpath&quot;,&quot;selector&quot;:&quot;//div[.='Steve Jobs (2008)']&quot;}
  (Session info: chrome=110.0.5481.180)
For documentation on this error, please visit: https://www.seleniumhq.org/exceptions/no_such_element.html
Build info: version: '3.141.59', revision: 'e82be7d358', time: '2018-11-14T08:17:03'
System info: host: 'DESKTOP-VNBRN0N', ip: '192.168.1.146', os.name: 'Windows 10', os.arch: 'amd64', os.version: '10.0', java.version: '11.0.18'
Driver info: org.openqa.selenium.chrome.ChromeDriver
Capabilities {acceptInsecureCerts: false, browserName: chrome, browserVersion: 110.0.5481.180, chrome: {chromedriverVersion: 110.0.5481.77 (65ed616c6e8e..., userDataDir: C:\Users\Monster\AppData\Lo...}, goog:chromeOptions: {debuggerAddress: localhost:59071}, javascriptEnabled: true, networkConnectionEnabled: false, pageLoadStrategy: normal, platform: WINDOWS, platformName: WINDOWS, proxy: Proxy(), setWindowRect: true, strictFileInteractability: false, timeouts: {implicit: 0, pageLoad: 300000, script: 30000}, unhandledPromptBehavior: dismiss and notify, webauthn:extension:credBlob: true, webauthn:extension:largeBlob: true, webauthn:virtualAuthenticators: true}
Session ID: 7a67b420cfdd8290fd8eef7dfaac3c7c
*** Element info: {Using=xpath, value=//div[.='Steve Jobs (2008)']}
	at java.base/jdk.internal.reflect.NativeConstructorAccessorImpl.newInstance0(Native Method)
	at java.base/jdk.internal.reflect.NativeConstructorAccessorImpl.newInstance(NativeConstructorAccessorImpl.java:62)
	at java.base/jdk.internal.reflect.DelegatingConstructorAccessorImpl.newInstance(DelegatingConstructorAccessorImpl.java:45)
	at java.base/java.lang.reflect.Constructor.newInstance(Constructor.java:490)
	at org.openqa.selenium.remote.http.W3CHttpResponseCodec.createException(W3CHttpResponseCodec.java:187)
	at org.openqa.selenium.remote.http.W3CHttpResponseCodec.decode(W3CHttpResponseCodec.java:122)
	at org.openqa.selenium.remote.http.W3CHttpResponseCodec.decode(W3CHttpResponseCodec.java:49)
	at org.openqa.selenium.remote.HttpCommandExecutor.execute(HttpCommandExecutor.java:158)
	at org.openqa.selenium.remote.service.DriverCommandExecutor.execute(DriverCommandExecutor.java:83)
	at org.openqa.selenium.remote.RemoteWebDriver.execute(RemoteWebDriver.java:552)
	at org.openqa.selenium.remote.RemoteWebDriver.findElement(RemoteWebDriver.java:323)
	at org.openqa.selenium.remote.RemoteWebDriver.findElementByXPath(RemoteWebDriver.java:428)
	at org.openqa.selenium.By$ByXPath.findElement(By.java:353)
	at org.openqa.selenium.remote.RemoteWebDriver.findElement(RemoteWebDriver.java:315)
	at org.openqa.selenium.support.pagefactory.DefaultElementLocator.findElement(DefaultElementLocator.java:69)
	at org.openqa.selenium.support.pagefactory.internal.LocatingElementHandler.invoke(LocatingElementHandler.java:38)
	at com.sun.proxy.$Proxy20.getText(Unknown Source)
	at com.cydeo.step_definitions.WikiStepDefinitions.userSeesIsInTheImageHeader(WikiStepDefinitions.java:39)
	at &#10045;.User sees &quot;Cristiano Ronaldo&gt;&quot; is in the image header(file:///C:/Users/Monster/IdeaProjects/cydeo-cucumber-junit/src/test/resources/features/wikiSearch.feature:27)
</pre>
      </div>
    </div>
  </div>











      </div>
  </div>
</div>




  <div class="inner-level hooks-element-after">
    <div data-toggle="collapse" class=" collapsed  collapsable-control" data-target="#after-9">

<div class="brief passed">
  <span class="keyword indention">Hooks</span>
  <span class="name"></span>


     <i class="chevron fa fa-fw"></i>
</div>

    </div>

    <div id="after-9" class="inner-level collapse collapsable-details ">
        <div class="hook">
          <div class="brief passed">
            <span class="keyword indention">After</span>
              <span class="location name">com.cydeo.step_definitions.Hooks.teardownScenario(io.cucumber.java.Scenario)</span>

  <span class="lead-duration duration">0.590</span>

          </div>






  <div class="embeddings inner-level">
  <div class="embedding indention">
    <div data-toggle="collapse" data-target="#embedding-10" class="collapsable-control">
      <a>Wikipedia Search FunctionalityTitle Verification</a>
      <a href="embeddings/embedding_1982420224.png" download target="_blank">
        <span class="download-button glyphicon glyphicon-download-alt"></span>
      </a>
    </div>
    <div id="embedding-10" class="collapse collapsable-details ">
      <div class="embedding-content">
        <img src="embeddings/embedding_1982420224.png">
      </div>
    </div>
  </div>
  </div>

        </div>
    </div>
  </div>

  </div>
</div>


<div class="element">
    <div class="indention">
      <b>Feature:</b>
      <a href="report-feature_5_2750261683.html">Wikipedia search functionality and verifications</a>
    </div>


<div class="tags indention">
    <b>Tags:</b>
       <a href="report-tag_841777745.html">@scenarioOutline</a>
</div>


  <span class="lead-duration duration">14.114</span>


  <span data-toggle="collapse" class=" collapsable-control" data-target="#element-11">

<div class="brief failed">
  <span class="keyword indention">Scenario Outline</span>
  <span class="name">Wikipedia Search FunctionalityTitle Verification</span>


     <i class="chevron fa fa-fw"></i>
</div>

  </span>
  <div class="description indention"></div>

  <div id="element-11" class="collapse collapsable-details  in ">





<div class="steps inner-level">
  <div data-toggle="collapse" class=" collapsable-control" data-target="#steps-12">

<div class="brief failed">
  <span class="keyword indention">Steps</span>
  <span class="name"></span>


     <i class="chevron fa fa-fw"></i>
</div>

  </div>

  <div id="steps-12" class="inner-level collapse collapsable-details  in ">
      <div class="step">


<div class="brief step-name-Given passed">
  <span class="keyword indention">Given</span>
  <span class="name">User is on Wikipedia home page</span>

  <span class="lead-duration duration">1.936</span>

</div>
















      </div>
      <div class="step">


<div class="brief step-name-When passed">
  <span class="keyword indention">When</span>
  <span class="name">User types <span class="argument">&quot;Bob Marley&quot;</span> in the wiki search box</span>

  <span class="lead-duration duration">0.056</span>

</div>
















      </div>
      <div class="step">


<div class="brief step-name-And passed">
  <span class="keyword indention">And</span>
  <span class="name">User clicks wiki search button</span>

  <span class="lead-duration duration">2.040</span>

</div>
















      </div>
      <div class="step">


<div class="brief step-name-Then passed">
  <span class="keyword indention">Then</span>
  <span class="name">User sees <span class="argument">&quot;Bob Marley&quot;</span> is in the wiki title</span>

  <span class="lead-duration duration">0.034</span>

</div>
















      </div>
      <div class="step">


<div class="brief step-name-Then failed">
  <span class="keyword indention">Then</span>
  <span class="name">User sees <span class="argument">&quot;Bob Marley&gt;&quot;</span> is in the image header</span>

  <span class="lead-duration duration">10.045</span>

</div>






  <div class="inner-level">
    <div class="message indention">
      <div data-toggle="collapse" class=" collapsable-control" data-target="#msg-13">
          <a>org.openqa.selenium.NoSuchElementException:</a>
      </div>
      <div id="msg-13" class="collapse collapsable-details  in ">
        <pre>org.openqa.selenium.NoSuchElementException: no such element: Unable to locate element: {&quot;method&quot;:&quot;xpath&quot;,&quot;selector&quot;:&quot;//div[.='Steve Jobs (2008)']&quot;}
  (Session info: chrome=110.0.5481.180)
For documentation on this error, please visit: https://www.seleniumhq.org/exceptions/no_such_element.html
Build info: version: '3.141.59', revision: 'e82be7d358', time: '2018-11-14T08:17:03'
System info: host: 'DESKTOP-VNBRN0N', ip: '192.168.1.146', os.name: 'Windows 10', os.arch: 'amd64', os.version: '10.0', java.version: '11.0.18'
Driver info: org.openqa.selenium.chrome.ChromeDriver
Capabilities {acceptInsecureCerts: false, browserName: chrome, browserVersion: 110.0.5481.180, chrome: {chromedriverVersion: 110.0.5481.77 (65ed616c6e8e..., userDataDir: C:\Users\Monster\AppData\Lo...}, goog:chromeOptions: {debuggerAddress: localhost:59185}, javascriptEnabled: true, networkConnectionEnabled: false, pageLoadStrategy: normal, platform: WINDOWS, platformName: WINDOWS, proxy: Proxy(), setWindowRect: true, strictFileInteractability: false, timeouts: {implicit: 0, pageLoad: 300000, script: 30000}, unhandledPromptBehavior: dismiss and notify, webauthn:extension:credBlob: true, webauthn:extension:largeBlob: true, webauthn:virtualAuthenticators: true}
Session ID: 88b07faae2462abd0d1db6b21ee65619
*** Element info: {Using=xpath, value=//div[.='Steve Jobs (2008)']}
	at java.base/jdk.internal.reflect.NativeConstructorAccessorImpl.newInstance0(Native Method)
	at java.base/jdk.internal.reflect.NativeConstructorAccessorImpl.newInstance(NativeConstructorAccessorImpl.java:62)
	at java.base/jdk.internal.reflect.DelegatingConstructorAccessorImpl.newInstance(DelegatingConstructorAccessorImpl.java:45)
	at java.base/java.lang.reflect.Constructor.newInstance(Constructor.java:490)
	at org.openqa.selenium.remote.http.W3CHttpResponseCodec.createException(W3CHttpResponseCodec.java:187)
	at org.openqa.selenium.remote.http.W3CHttpResponseCodec.decode(W3CHttpResponseCodec.java:122)
	at org.openqa.selenium.remote.http.W3CHttpResponseCodec.decode(W3CHttpResponseCodec.java:49)
	at org.openqa.selenium.remote.HttpCommandExecutor.execute(HttpCommandExecutor.java:158)
	at org.openqa.selenium.remote.service.DriverCommandExecutor.execute(DriverCommandExecutor.java:83)
	at org.openqa.selenium.remote.RemoteWebDriver.execute(RemoteWebDriver.java:552)
	at org.openqa.selenium.remote.RemoteWebDriver.findElement(RemoteWebDriver.java:323)
	at org.openqa.selenium.remote.RemoteWebDriver.findElementByXPath(RemoteWebDriver.java:428)
	at org.openqa.selenium.By$ByXPath.findElement(By.java:353)
	at org.openqa.selenium.remote.RemoteWebDriver.findElement(RemoteWebDriver.java:315)
	at org.openqa.selenium.support.pagefactory.DefaultElementLocator.findElement(DefaultElementLocator.java:69)
	at org.openqa.selenium.support.pagefactory.internal.LocatingElementHandler.invoke(LocatingElementHandler.java:38)
	at com.sun.proxy.$Proxy20.getText(Unknown Source)
	at com.cydeo.step_definitions.WikiStepDefinitions.userSeesIsInTheImageHeader(WikiStepDefinitions.java:39)
	at &#10045;.User sees &quot;Bob Marley&gt;&quot; is in the image header(file:///C:/Users/Monster/IdeaProjects/cydeo-cucumber-junit/src/test/resources/features/wikiSearch.feature:27)
</pre>
      </div>
    </div>
  </div>











      </div>
  </div>
</div>




  <div class="inner-level hooks-element-after">
    <div data-toggle="collapse" class=" collapsed  collapsable-control" data-target="#after-14">

<div class="brief passed">
  <span class="keyword indention">Hooks</span>
  <span class="name"></span>


     <i class="chevron fa fa-fw"></i>
</div>

    </div>

    <div id="after-14" class="inner-level collapse collapsable-details ">
        <div class="hook">
          <div class="brief passed">
            <span class="keyword indention">After</span>
              <span class="location name">com.cydeo.step_definitions.Hooks.teardownScenario(io.cucumber.java.Scenario)</span>

  <span class="lead-duration duration">0.291</span>

          </div>






  <div class="embeddings inner-level">
  <div class="embedding indention">
    <div data-toggle="collapse" data-target="#embedding-15" class="collapsable-control">
      <a>Wikipedia Search FunctionalityTitle Verification</a>
      <a href="embeddings/embedding_1242727531.png" download target="_blank">
        <span class="download-button glyphicon glyphicon-download-alt"></span>
      </a>
    </div>
    <div id="embedding-15" class="collapse collapsable-details ">
      <div class="embedding-content">
        <img src="embeddings/embedding_1242727531.png">
      </div>
    </div>
  </div>
  </div>

        </div>
    </div>
  </div>

  </div>
</div>


<div class="element">
    <div class="indention">
      <b>Feature:</b>
      <a href="report-feature_5_2750261683.html">Wikipedia search functionality and verifications</a>
    </div>


<div class="tags indention">
    <b>Tags:</b>
       <a href="report-tag_841777745.html">@scenarioOutline</a>
</div>


  <span class="lead-duration duration">14.004</span>


  <span data-toggle="collapse" class=" collapsable-control" data-target="#element-16">

<div class="brief failed">
  <span class="keyword indention">Scenario Outline</span>
  <span class="name">Wikipedia Search FunctionalityTitle Verification</span>


     <i class="chevron fa fa-fw"></i>
</div>

  </span>
  <div class="description indention"></div>

  <div id="element-16" class="collapse collapsable-details  in ">





<div class="steps inner-level">
  <div data-toggle="collapse" class=" collapsable-control" data-target="#steps-17">

<div class="brief failed">
  <span class="keyword indention">Steps</span>
  <span class="name"></span>


     <i class="chevron fa fa-fw"></i>
</div>

  </div>

  <div id="steps-17" class="inner-level collapse collapsable-details  in ">
      <div class="step">


<div class="brief step-name-Given passed">
  <span class="keyword indention">Given</span>
  <span class="name">User is on Wikipedia home page</span>

  <span class="lead-duration duration">1.730</span>

</div>
















      </div>
      <div class="step">


<div class="brief step-name-When passed">
  <span class="keyword indention">When</span>
  <span class="name">User types <span class="argument">&quot;Chuck Norris&quot;</span> in the wiki search box</span>

  <span class="lead-duration duration">0.051</span>

</div>
















      </div>
      <div class="step">


<div class="brief step-name-And passed">
  <span class="keyword indention">And</span>
  <span class="name">User clicks wiki search button</span>

  <span class="lead-duration duration">2.148</span>

</div>
















      </div>
      <div class="step">


<div class="brief step-name-Then passed">
  <span class="keyword indention">Then</span>
  <span class="name">User sees <span class="argument">&quot;Chuck Norris&quot;</span> is in the wiki title</span>

  <span class="lead-duration duration">0.022</span>

</div>
















      </div>
      <div class="step">


<div class="brief step-name-Then failed">
  <span class="keyword indention">Then</span>
  <span class="name">User sees <span class="argument">&quot;Chuck Norris&gt;&quot;</span> is in the image header</span>

  <span class="lead-duration duration">10.050</span>

</div>






  <div class="inner-level">
    <div class="message indention">
      <div data-toggle="collapse" class=" collapsable-control" data-target="#msg-18">
          <a>org.openqa.selenium.NoSuchElementException:</a>
      </div>
      <div id="msg-18" class="collapse collapsable-details  in ">
        <pre>org.openqa.selenium.NoSuchElementException: no such element: Unable to locate element: {&quot;method&quot;:&quot;xpath&quot;,&quot;selector&quot;:&quot;//div[.='Steve Jobs (2008)']&quot;}
  (Session info: chrome=110.0.5481.180)
For documentation on this error, please visit: https://www.seleniumhq.org/exceptions/no_such_element.html
Build info: version: '3.141.59', revision: 'e82be7d358', time: '2018-11-14T08:17:03'
System info: host: 'DESKTOP-VNBRN0N', ip: '192.168.1.146', os.name: 'Windows 10', os.arch: 'amd64', os.version: '10.0', java.version: '11.0.18'
Driver info: org.openqa.selenium.chrome.ChromeDriver
Capabilities {acceptInsecureCerts: false, browserName: chrome, browserVersion: 110.0.5481.180, chrome: {chromedriverVersion: 110.0.5481.77 (65ed616c6e8e..., userDataDir: C:\Users\Monster\AppData\Lo...}, goog:chromeOptions: {debuggerAddress: localhost:59256}, javascriptEnabled: true, networkConnectionEnabled: false, pageLoadStrategy: normal, platform: WINDOWS, platformName: WINDOWS, proxy: Proxy(), setWindowRect: true, strictFileInteractability: false, timeouts: {implicit: 0, pageLoad: 300000, script: 30000}, unhandledPromptBehavior: dismiss and notify, webauthn:extension:credBlob: true, webauthn:extension:largeBlob: true, webauthn:virtualAuthenticators: true}
Session ID: d16ab26e650a1cd5c150abc092ce7687
*** Element info: {Using=xpath, value=//div[.='Steve Jobs (2008)']}
	at java.base/jdk.internal.reflect.NativeConstructorAccessorImpl.newInstance0(Native Method)
	at java.base/jdk.internal.reflect.NativeConstructorAccessorImpl.newInstance(NativeConstructorAccessorImpl.java:62)
	at java.base/jdk.internal.reflect.DelegatingConstructorAccessorImpl.newInstance(DelegatingConstructorAccessorImpl.java:45)
	at java.base/java.lang.reflect.Constructor.newInstance(Constructor.java:490)
	at org.openqa.selenium.remote.http.W3CHttpResponseCodec.createException(W3CHttpResponseCodec.java:187)
	at org.openqa.selenium.remote.http.W3CHttpResponseCodec.decode(W3CHttpResponseCodec.java:122)
	at org.openqa.selenium.remote.http.W3CHttpResponseCodec.decode(W3CHttpResponseCodec.java:49)
	at org.openqa.selenium.remote.HttpCommandExecutor.execute(HttpCommandExecutor.java:158)
	at org.openqa.selenium.remote.service.DriverCommandExecutor.execute(DriverCommandExecutor.java:83)
	at org.openqa.selenium.remote.RemoteWebDriver.execute(RemoteWebDriver.java:552)
	at org.openqa.selenium.remote.RemoteWebDriver.findElement(RemoteWebDriver.java:323)
	at org.openqa.selenium.remote.RemoteWebDriver.findElementByXPath(RemoteWebDriver.java:428)
	at org.openqa.selenium.By$ByXPath.findElement(By.java:353)
	at org.openqa.selenium.remote.RemoteWebDriver.findElement(RemoteWebDriver.java:315)
	at org.openqa.selenium.support.pagefactory.DefaultElementLocator.findElement(DefaultElementLocator.java:69)
	at org.openqa.selenium.support.pagefactory.internal.LocatingElementHandler.invoke(LocatingElementHandler.java:38)
	at com.sun.proxy.$Proxy20.getText(Unknown Source)
	at com.cydeo.step_definitions.WikiStepDefinitions.userSeesIsInTheImageHeader(WikiStepDefinitions.java:39)
	at &#10045;.User sees &quot;Chuck Norris&gt;&quot; is in the image header(file:///C:/Users/Monster/IdeaProjects/cydeo-cucumber-junit/src/test/resources/features/wikiSearch.feature:27)
</pre>
      </div>
    </div>
  </div>











      </div>
  </div>
</div>




  <div class="inner-level hooks-element-after">
    <div data-toggle="collapse" class=" collapsed  collapsable-control" data-target="#after-19">

<div class="brief passed">
  <span class="keyword indention">Hooks</span>
  <span class="name"></span>


     <i class="chevron fa fa-fw"></i>
</div>

    </div>

    <div id="after-19" class="inner-level collapse collapsable-details ">
        <div class="hook">
          <div class="brief passed">
            <span class="keyword indention">After</span>
              <span class="location name">com.cydeo.step_definitions.Hooks.teardownScenario(io.cucumber.java.Scenario)</span>

  <span class="lead-duration duration">0.350</span>

          </div>






  <div class="embeddings inner-level">
  <div class="embedding indention">
    <div data-toggle="collapse" data-target="#embedding-20" class="collapsable-control">
      <a>Wikipedia Search FunctionalityTitle Verification</a>
      <a href="embeddings/embedding_-2104765783.png" download target="_blank">
        <span class="download-button glyphicon glyphicon-download-alt"></span>
      </a>
    </div>
    <div id="embedding-20" class="collapse collapsable-details ">
      <div class="embedding-content">
        <img src="embeddings/embedding_-2104765783.png">
      </div>
    </div>
  </div>
  </div>

        </div>
    </div>
  </div>

  </div>
</div>


<div class="element">
    <div class="indention">
      <b>Feature:</b>
      <a href="report-feature_5_2750261683.html">Wikipedia search functionality and verifications</a>
    </div>


<div class="tags indention">
    <b>Tags:</b>
       <a href="report-tag_841777745.html">@scenarioOutline</a>
</div>


  <span class="lead-duration duration">13.686</span>


  <span data-toggle="collapse" class=" collapsable-control" data-target="#element-21">

<div class="brief failed">
  <span class="keyword indention">Scenario Outline</span>
  <span class="name">Wikipedia Search FunctionalityTitle Verification</span>


     <i class="chevron fa fa-fw"></i>
</div>

  </span>
  <div class="description indention"></div>

  <div id="element-21" class="collapse collapsable-details  in ">





<div class="steps inner-level">
  <div data-toggle="collapse" class=" collapsable-control" data-target="#steps-22">

<div class="brief failed">
  <span class="keyword indention">Steps</span>
  <span class="name"></span>


     <i class="chevron fa fa-fw"></i>
</div>

  </div>

  <div id="steps-22" class="inner-level collapse collapsable-details  in ">
      <div class="step">


<div class="brief step-name-Given passed">
  <span class="keyword indention">Given</span>
  <span class="name">User is on Wikipedia home page</span>

  <span class="lead-duration duration">1.591</span>

</div>
















      </div>
      <div class="step">


<div class="brief step-name-When passed">
  <span class="keyword indention">When</span>
  <span class="name">User types <span class="argument">&quot;Marie Curie&quot;</span> in the wiki search box</span>

  <span class="lead-duration duration">0.056</span>

</div>
















      </div>
      <div class="step">


<div class="brief step-name-And passed">
  <span class="keyword indention">And</span>
  <span class="name">User clicks wiki search button</span>

  <span class="lead-duration duration">2.017</span>

</div>
















      </div>
      <div class="step">


<div class="brief step-name-Then passed">
  <span class="keyword indention">Then</span>
  <span class="name">User sees <span class="argument">&quot;Marie Curie&quot;</span> is in the wiki title</span>

  <span class="lead-duration duration">0.004</span>

</div>
















      </div>
      <div class="step">


<div class="brief step-name-Then failed">
  <span class="keyword indention">Then</span>
  <span class="name">User sees <span class="argument">&quot;Marie Curie&gt;&quot;</span> is in the image header</span>

  <span class="lead-duration duration">10.015</span>

</div>






  <div class="inner-level">
    <div class="message indention">
      <div data-toggle="collapse" class=" collapsable-control" data-target="#msg-23">
          <a>org.openqa.selenium.NoSuchElementException:</a>
      </div>
      <div id="msg-23" class="collapse collapsable-details  in ">
        <pre>org.openqa.selenium.NoSuchElementException: no such element: Unable to locate element: {&quot;method&quot;:&quot;xpath&quot;,&quot;selector&quot;:&quot;//div[.='Steve Jobs (2008)']&quot;}
  (Session info: chrome=110.0.5481.180)
For documentation on this error, please visit: https://www.seleniumhq.org/exceptions/no_such_element.html
Build info: version: '3.141.59', revision: 'e82be7d358', time: '2018-11-14T08:17:03'
System info: host: 'DESKTOP-VNBRN0N', ip: '192.168.1.146', os.name: 'Windows 10', os.arch: 'amd64', os.version: '10.0', java.version: '11.0.18'
Driver info: org.openqa.selenium.chrome.ChromeDriver
Capabilities {acceptInsecureCerts: false, browserName: chrome, browserVersion: 110.0.5481.180, chrome: {chromedriverVersion: 110.0.5481.77 (65ed616c6e8e..., userDataDir: C:\Users\Monster\AppData\Lo...}, goog:chromeOptions: {debuggerAddress: localhost:59275}, javascriptEnabled: true, networkConnectionEnabled: false, pageLoadStrategy: normal, platform: WINDOWS, platformName: WINDOWS, proxy: Proxy(), setWindowRect: true, strictFileInteractability: false, timeouts: {implicit: 0, pageLoad: 300000, script: 30000}, unhandledPromptBehavior: dismiss and notify, webauthn:extension:credBlob: true, webauthn:extension:largeBlob: true, webauthn:virtualAuthenticators: true}
Session ID: 8dec7d29444343900120d4ad46d189b5
*** Element info: {Using=xpath, value=//div[.='Steve Jobs (2008)']}
	at java.base/jdk.internal.reflect.NativeConstructorAccessorImpl.newInstance0(Native Method)
	at java.base/jdk.internal.reflect.NativeConstructorAccessorImpl.newInstance(NativeConstructorAccessorImpl.java:62)
	at java.base/jdk.internal.reflect.DelegatingConstructorAccessorImpl.newInstance(DelegatingConstructorAccessorImpl.java:45)
	at java.base/java.lang.reflect.Constructor.newInstance(Constructor.java:490)
	at org.openqa.selenium.remote.http.W3CHttpResponseCodec.createException(W3CHttpResponseCodec.java:187)
	at org.openqa.selenium.remote.http.W3CHttpResponseCodec.decode(W3CHttpResponseCodec.java:122)
	at org.openqa.selenium.remote.http.W3CHttpResponseCodec.decode(W3CHttpResponseCodec.java:49)
	at org.openqa.selenium.remote.HttpCommandExecutor.execute(HttpCommandExecutor.java:158)
	at org.openqa.selenium.remote.service.DriverCommandExecutor.execute(DriverCommandExecutor.java:83)
	at org.openqa.selenium.remote.RemoteWebDriver.execute(RemoteWebDriver.java:552)
	at org.openqa.selenium.remote.RemoteWebDriver.findElement(RemoteWebDriver.java:323)
	at org.openqa.selenium.remote.RemoteWebDriver.findElementByXPath(RemoteWebDriver.java:428)
	at org.openqa.selenium.By$ByXPath.findElement(By.java:353)
	at org.openqa.selenium.remote.RemoteWebDriver.findElement(RemoteWebDriver.java:315)
	at org.openqa.selenium.support.pagefactory.DefaultElementLocator.findElement(DefaultElementLocator.java:69)
	at org.openqa.selenium.support.pagefactory.internal.LocatingElementHandler.invoke(LocatingElementHandler.java:38)
	at com.sun.proxy.$Proxy20.getText(Unknown Source)
	at com.cydeo.step_definitions.WikiStepDefinitions.userSeesIsInTheImageHeader(WikiStepDefinitions.java:39)
	at &#10045;.User sees &quot;Marie Curie&gt;&quot; is in the image header(file:///C:/Users/Monster/IdeaProjects/cydeo-cucumber-junit/src/test/resources/features/wikiSearch.feature:27)
</pre>
      </div>
    </div>
  </div>











      </div>
  </div>
</div>




  <div class="inner-level hooks-element-after">
    <div data-toggle="collapse" class=" collapsed  collapsable-control" data-target="#after-24">

<div class="brief passed">
  <span class="keyword indention">Hooks</span>
  <span class="name"></span>


     <i class="chevron fa fa-fw"></i>
</div>

    </div>

    <div id="after-24" class="inner-level collapse collapsable-details ">
        <div class="hook">
          <div class="brief passed">
            <span class="keyword indention">After</span>
              <span class="location name">com.cydeo.step_definitions.Hooks.teardownScenario(io.cucumber.java.Scenario)</span>

  <span class="lead-duration duration">0.338</span>

          </div>






  <div class="embeddings inner-level">
  <div class="embedding indention">
    <div data-toggle="collapse" data-target="#embedding-25" class="collapsable-control">
      <a>Wikipedia Search FunctionalityTitle Verification</a>
      <a href="embeddings/embedding_1781376685.png" download target="_blank">
        <span class="download-button glyphicon glyphicon-download-alt"></span>
      </a>
    </div>
    <div id="embedding-25" class="collapse collapsable-details ">
      <div class="embedding-content">
        <img src="embeddings/embedding_1781376685.png">
      </div>
    </div>
  </div>
  </div>

        </div>
    </div>
  </div>

  </div>
</div>


<div class="element">
    <div class="indention">
      <b>Feature:</b>
      <a href="report-feature_5_2750261683.html">Wikipedia search functionality and verifications</a>
    </div>


<div class="tags indention">
    <b>Tags:</b>
       <a href="report-tag_841777745.html">@scenarioOutline</a>
</div>


  <span class="lead-duration duration">13.592</span>


  <span data-toggle="collapse" class=" collapsable-control" data-target="#element-26">

<div class="brief failed">
  <span class="keyword indention">Scenario Outline</span>
  <span class="name">Wikipedia Search FunctionalityTitle Verification</span>


     <i class="chevron fa fa-fw"></i>
</div>

  </span>
  <div class="description indention"></div>

  <div id="element-26" class="collapse collapsable-details  in ">





<div class="steps inner-level">
  <div data-toggle="collapse" class=" collapsable-control" data-target="#steps-27">

<div class="brief failed">
  <span class="keyword indention">Steps</span>
  <span class="name"></span>


     <i class="chevron fa fa-fw"></i>
</div>

  </div>

  <div id="steps-27" class="inner-level collapse collapsable-details  in ">
      <div class="step">


<div class="brief step-name-Given passed">
  <span class="keyword indention">Given</span>
  <span class="name">User is on Wikipedia home page</span>

  <span class="lead-duration duration">1.601</span>

</div>
















      </div>
      <div class="step">


<div class="brief step-name-When passed">
  <span class="keyword indention">When</span>
  <span class="name">User types <span class="argument">&quot;Anthony Hopkins&quot;</span> in the wiki search box</span>

  <span class="lead-duration duration">0.064</span>

</div>
















      </div>
      <div class="step">


<div class="brief step-name-And passed">
  <span class="keyword indention">And</span>
  <span class="name">User clicks wiki search button</span>

  <span class="lead-duration duration">1.859</span>

</div>
















      </div>
      <div class="step">


<div class="brief step-name-Then passed">
  <span class="keyword indention">Then</span>
  <span class="name">User sees <span class="argument">&quot;Anthony Hopkins&quot;</span> is in the wiki title</span>

  <span class="lead-duration duration">0.041</span>

</div>
















      </div>
      <div class="step">


<div class="brief step-name-Then failed">
  <span class="keyword indention">Then</span>
  <span class="name">User sees <span class="argument">&quot;Anthony Hopkins&gt;&quot;</span> is in the image header</span>

  <span class="lead-duration duration">10.024</span>

</div>






  <div class="inner-level">
    <div class="message indention">
      <div data-toggle="collapse" class=" collapsable-control" data-target="#msg-28">
          <a>org.openqa.selenium.NoSuchElementException:</a>
      </div>
      <div id="msg-28" class="collapse collapsable-details  in ">
        <pre>org.openqa.selenium.NoSuchElementException: no such element: Unable to locate element: {&quot;method&quot;:&quot;xpath&quot;,&quot;selector&quot;:&quot;//div[.='Steve Jobs (2008)']&quot;}
  (Session info: chrome=110.0.5481.180)
For documentation on this error, please visit: https://www.seleniumhq.org/exceptions/no_such_element.html
Build info: version: '3.141.59', revision: 'e82be7d358', time: '2018-11-14T08:17:03'
System info: host: 'DESKTOP-VNBRN0N', ip: '192.168.1.146', os.name: 'Windows 10', os.arch: 'amd64', os.version: '10.0', java.version: '11.0.18'
Driver info: org.openqa.selenium.chrome.ChromeDriver
Capabilities {acceptInsecureCerts: false, browserName: chrome, browserVersion: 110.0.5481.180, chrome: {chromedriverVersion: 110.0.5481.77 (65ed616c6e8e..., userDataDir: C:\Users\Monster\AppData\Lo...}, goog:chromeOptions: {debuggerAddress: localhost:59297}, javascriptEnabled: true, networkConnectionEnabled: false, pageLoadStrategy: normal, platform: WINDOWS, platformName: WINDOWS, proxy: Proxy(), setWindowRect: true, strictFileInteractability: false, timeouts: {implicit: 0, pageLoad: 300000, script: 30000}, unhandledPromptBehavior: dismiss and notify, webauthn:extension:credBlob: true, webauthn:extension:largeBlob: true, webauthn:virtualAuthenticators: true}
Session ID: 14264be175925f28374cb9d96576fa42
*** Element info: {Using=xpath, value=//div[.='Steve Jobs (2008)']}
	at java.base/jdk.internal.reflect.NativeConstructorAccessorImpl.newInstance0(Native Method)
	at java.base/jdk.internal.reflect.NativeConstructorAccessorImpl.newInstance(NativeConstructorAccessorImpl.java:62)
	at java.base/jdk.internal.reflect.DelegatingConstructorAccessorImpl.newInstance(DelegatingConstructorAccessorImpl.java:45)
	at java.base/java.lang.reflect.Constructor.newInstance(Constructor.java:490)
	at org.openqa.selenium.remote.http.W3CHttpResponseCodec.createException(W3CHttpResponseCodec.java:187)
	at org.openqa.selenium.remote.http.W3CHttpResponseCodec.decode(W3CHttpResponseCodec.java:122)
	at org.openqa.selenium.remote.http.W3CHttpResponseCodec.decode(W3CHttpResponseCodec.java:49)
	at org.openqa.selenium.remote.HttpCommandExecutor.execute(HttpCommandExecutor.java:158)
	at org.openqa.selenium.remote.service.DriverCommandExecutor.execute(DriverCommandExecutor.java:83)
	at org.openqa.selenium.remote.RemoteWebDriver.execute(RemoteWebDriver.java:552)
	at org.openqa.selenium.remote.RemoteWebDriver.findElement(RemoteWebDriver.java:323)
	at org.openqa.selenium.remote.RemoteWebDriver.findElementByXPath(RemoteWebDriver.java:428)
	at org.openqa.selenium.By$ByXPath.findElement(By.java:353)
	at org.openqa.selenium.remote.RemoteWebDriver.findElement(RemoteWebDriver.java:315)
	at org.openqa.selenium.support.pagefactory.DefaultElementLocator.findElement(DefaultElementLocator.java:69)
	at org.openqa.selenium.support.pagefactory.internal.LocatingElementHandler.invoke(LocatingElementHandler.java:38)
	at com.sun.proxy.$Proxy20.getText(Unknown Source)
	at com.cydeo.step_definitions.WikiStepDefinitions.userSeesIsInTheImageHeader(WikiStepDefinitions.java:39)
	at &#10045;.User sees &quot;Anthony Hopkins&gt;&quot; is in the image header(file:///C:/Users/Monster/IdeaProjects/cydeo-cucumber-junit/src/test/resources/features/wikiSearch.feature:27)
</pre>
      </div>
    </div>
  </div>











      </div>
  </div>
</div>




  <div class="inner-level hooks-element-after">
    <div data-toggle="collapse" class=" collapsed  collapsable-control" data-target="#after-29">

<div class="brief passed">
  <span class="keyword indention">Hooks</span>
  <span class="name"></span>


     <i class="chevron fa fa-fw"></i>
</div>

    </div>

    <div id="after-29" class="inner-level collapse collapsable-details ">
        <div class="hook">
          <div class="brief passed">
            <span class="keyword indention">After</span>
              <span class="location name">com.cydeo.step_definitions.Hooks.teardownScenario(io.cucumber.java.Scenario)</span>

  <span class="lead-duration duration">0.350</span>

          </div>






  <div class="embeddings inner-level">
  <div class="embedding indention">
    <div data-toggle="collapse" data-target="#embedding-30" class="collapsable-control">
      <a>Wikipedia Search FunctionalityTitle Verification</a>
      <a href="embeddings/embedding_1588806221.png" download target="_blank">
        <span class="download-button glyphicon glyphicon-download-alt"></span>
      </a>
    </div>
    <div id="embedding-30" class="collapse collapsable-details ">
      <div class="embedding-content">
        <img src="embeddings/embedding_1588806221.png">
      </div>
    </div>
  </div>
  </div>

        </div>
    </div>
  </div>

  </div>
</div>


<div class="element">
    <div class="indention">
      <b>Feature:</b>
      <a href="report-feature_5_2750261683.html">Wikipedia search functionality and verifications</a>
    </div>


<div class="tags indention">
    <b>Tags:</b>
       <a href="report-tag_841777745.html">@scenarioOutline</a>
</div>


  <span class="lead-duration duration">13.790</span>


  <span data-toggle="collapse" class=" collapsable-control" data-target="#element-31">

<div class="brief failed">
  <span class="keyword indention">Scenario Outline</span>
  <span class="name">Wikipedia Search FunctionalityTitle Verification</span>


     <i class="chevron fa fa-fw"></i>
</div>

  </span>
  <div class="description indention"></div>

  <div id="element-31" class="collapse collapsable-details  in ">





<div class="steps inner-level">
  <div data-toggle="collapse" class=" collapsable-control" data-target="#steps-32">

<div class="brief failed">
  <span class="keyword indention">Steps</span>
  <span class="name"></span>


     <i class="chevron fa fa-fw"></i>
</div>

  </div>

  <div id="steps-32" class="inner-level collapse collapsable-details  in ">
      <div class="step">


<div class="brief step-name-Given passed">
  <span class="keyword indention">Given</span>
  <span class="name">User is on Wikipedia home page</span>

  <span class="lead-duration duration">1.662</span>

</div>
















      </div>
      <div class="step">


<div class="brief step-name-When passed">
  <span class="keyword indention">When</span>
  <span class="name">User types <span class="argument">&quot;Lady Gaga&quot;</span> in the wiki search box</span>

  <span class="lead-duration duration">0.043</span>

</div>
















      </div>
      <div class="step">


<div class="brief step-name-And passed">
  <span class="keyword indention">And</span>
  <span class="name">User clicks wiki search button</span>

  <span class="lead-duration duration">1.915</span>

</div>
















      </div>
      <div class="step">


<div class="brief step-name-Then passed">
  <span class="keyword indention">Then</span>
  <span class="name">User sees <span class="argument">&quot;Lady Gaga&quot;</span> is in the wiki title</span>

  <span class="lead-duration duration">0.051</span>

</div>
















      </div>
      <div class="step">


<div class="brief step-name-Then failed">
  <span class="keyword indention">Then</span>
  <span class="name">User sees <span class="argument">&quot;Lady Gaga&gt;&quot;</span> is in the image header</span>

  <span class="lead-duration duration">10.117</span>

</div>






  <div class="inner-level">
    <div class="message indention">
      <div data-toggle="collapse" class=" collapsable-control" data-target="#msg-33">
          <a>org.openqa.selenium.NoSuchElementException:</a>
      </div>
      <div id="msg-33" class="collapse collapsable-details  in ">
        <pre>org.openqa.selenium.NoSuchElementException: no such element: Unable to locate element: {&quot;method&quot;:&quot;xpath&quot;,&quot;selector&quot;:&quot;//div[.='Steve Jobs (2008)']&quot;}
  (Session info: chrome=110.0.5481.180)
For documentation on this error, please visit: https://www.seleniumhq.org/exceptions/no_such_element.html
Build info: version: '3.141.59', revision: 'e82be7d358', time: '2018-11-14T08:17:03'
System info: host: 'DESKTOP-VNBRN0N', ip: '192.168.1.146', os.name: 'Windows 10', os.arch: 'amd64', os.version: '10.0', java.version: '11.0.18'
Driver info: org.openqa.selenium.chrome.ChromeDriver
Capabilities {acceptInsecureCerts: false, browserName: chrome, browserVersion: 110.0.5481.180, chrome: {chromedriverVersion: 110.0.5481.77 (65ed616c6e8e..., userDataDir: C:\Users\Monster\AppData\Lo...}, goog:chromeOptions: {debuggerAddress: localhost:59317}, javascriptEnabled: true, networkConnectionEnabled: false, pageLoadStrategy: normal, platform: WINDOWS, platformName: WINDOWS, proxy: Proxy(), setWindowRect: true, strictFileInteractability: false, timeouts: {implicit: 0, pageLoad: 300000, script: 30000}, unhandledPromptBehavior: dismiss and notify, webauthn:extension:credBlob: true, webauthn:extension:largeBlob: true, webauthn:virtualAuthenticators: true}
Session ID: fa721449147a691329f47db8e24593c6
*** Element info: {Using=xpath, value=//div[.='Steve Jobs (2008)']}
	at java.base/jdk.internal.reflect.NativeConstructorAccessorImpl.newInstance0(Native Method)
	at java.base/jdk.internal.reflect.NativeConstructorAccessorImpl.newInstance(NativeConstructorAccessorImpl.java:62)
	at java.base/jdk.internal.reflect.DelegatingConstructorAccessorImpl.newInstance(DelegatingConstructorAccessorImpl.java:45)
	at java.base/java.lang.reflect.Constructor.newInstance(Constructor.java:490)
	at org.openqa.selenium.remote.http.W3CHttpResponseCodec.createException(W3CHttpResponseCodec.java:187)
	at org.openqa.selenium.remote.http.W3CHttpResponseCodec.decode(W3CHttpResponseCodec.java:122)
	at org.openqa.selenium.remote.http.W3CHttpResponseCodec.decode(W3CHttpResponseCodec.java:49)
	at org.openqa.selenium.remote.HttpCommandExecutor.execute(HttpCommandExecutor.java:158)
	at org.openqa.selenium.remote.service.DriverCommandExecutor.execute(DriverCommandExecutor.java:83)
	at org.openqa.selenium.remote.RemoteWebDriver.execute(RemoteWebDriver.java:552)
	at org.openqa.selenium.remote.RemoteWebDriver.findElement(RemoteWebDriver.java:323)
	at org.openqa.selenium.remote.RemoteWebDriver.findElementByXPath(RemoteWebDriver.java:428)
	at org.openqa.selenium.By$ByXPath.findElement(By.java:353)
	at org.openqa.selenium.remote.RemoteWebDriver.findElement(RemoteWebDriver.java:315)
	at org.openqa.selenium.support.pagefactory.DefaultElementLocator.findElement(DefaultElementLocator.java:69)
	at org.openqa.selenium.support.pagefactory.internal.LocatingElementHandler.invoke(LocatingElementHandler.java:38)
	at com.sun.proxy.$Proxy20.getText(Unknown Source)
	at com.cydeo.step_definitions.WikiStepDefinitions.userSeesIsInTheImageHeader(WikiStepDefinitions.java:39)
	at &#10045;.User sees &quot;Lady Gaga&gt;&quot; is in the image header(file:///C:/Users/Monster/IdeaProjects/cydeo-cucumber-junit/src/test/resources/features/wikiSearch.feature:27)
</pre>
      </div>
    </div>
  </div>











      </div>
  </div>
</div>




  <div class="inner-level hooks-element-after">
    <div data-toggle="collapse" class=" collapsed  collapsable-control" data-target="#after-34">

<div class="brief passed">
  <span class="keyword indention">Hooks</span>
  <span class="name"></span>


     <i class="chevron fa fa-fw"></i>
</div>

    </div>

    <div id="after-34" class="inner-level collapse collapsable-details ">
        <div class="hook">
          <div class="brief passed">
            <span class="keyword indention">After</span>
              <span class="location name">com.cydeo.step_definitions.Hooks.teardownScenario(io.cucumber.java.Scenario)</span>

  <span class="lead-duration duration">0.332</span>

          </div>






  <div class="embeddings inner-level">
  <div class="embedding indention">
    <div data-toggle="collapse" data-target="#embedding-35" class="collapsable-control">
      <a>Wikipedia Search FunctionalityTitle Verification</a>
      <a href="embeddings/embedding_1910563627.png" download target="_blank">
        <span class="download-button glyphicon glyphicon-download-alt"></span>
      </a>
    </div>
    <div id="embedding-35" class="collapse collapsable-details ">
      <div class="embedding-content">
        <img src="embeddings/embedding_1910563627.png">
      </div>
    </div>
  </div>
  </div>

        </div>
    </div>
  </div>

  </div>
</div>


<div class="element">
    <div class="indention">
      <b>Feature:</b>
      <a href="report-feature_5_2750261683.html">Wikipedia search functionality and verifications</a>
    </div>


<div class="tags indention">
    <b>Tags:</b>
       <a href="report-tag_841777745.html">@scenarioOutline</a>
</div>


  <span class="lead-duration duration">13.962</span>


  <span data-toggle="collapse" class=" collapsable-control" data-target="#element-36">

<div class="brief failed">
  <span class="keyword indention">Scenario Outline</span>
  <span class="name">Wikipedia Search FunctionalityTitle Verification</span>


     <i class="chevron fa fa-fw"></i>
</div>

  </span>
  <div class="description indention"></div>

  <div id="element-36" class="collapse collapsable-details  in ">





<div class="steps inner-level">
  <div data-toggle="collapse" class=" collapsable-control" data-target="#steps-37">

<div class="brief failed">
  <span class="keyword indention">Steps</span>
  <span class="name"></span>


     <i class="chevron fa fa-fw"></i>
</div>

  </div>

  <div id="steps-37" class="inner-level collapse collapsable-details  in ">
      <div class="step">


<div class="brief step-name-Given passed">
  <span class="keyword indention">Given</span>
  <span class="name">User is on Wikipedia home page</span>

  <span class="lead-duration duration">1.832</span>

</div>
















      </div>
      <div class="step">


<div class="brief step-name-When passed">
  <span class="keyword indention">When</span>
  <span class="name">User types <span class="argument">&quot;Kate Winslet&quot;</span> in the wiki search box</span>

  <span class="lead-duration duration">0.044</span>

</div>
















      </div>
      <div class="step">


<div class="brief step-name-And passed">
  <span class="keyword indention">And</span>
  <span class="name">User clicks wiki search button</span>

  <span class="lead-duration duration">2.054</span>

</div>
















      </div>
      <div class="step">


<div class="brief step-name-Then passed">
  <span class="keyword indention">Then</span>
  <span class="name">User sees <span class="argument">&quot;Kate Winslet&quot;</span> is in the wiki title</span>

  <span class="lead-duration duration">0.004</span>

</div>
















      </div>
      <div class="step">


<div class="brief step-name-Then failed">
  <span class="keyword indention">Then</span>
  <span class="name">User sees <span class="argument">&quot;Kate Winslet&gt;&quot;</span> is in the image header</span>

  <span class="lead-duration duration">10.025</span>

</div>






  <div class="inner-level">
    <div class="message indention">
      <div data-toggle="collapse" class=" collapsable-control" data-target="#msg-38">
          <a>org.openqa.selenium.NoSuchElementException:</a>
      </div>
      <div id="msg-38" class="collapse collapsable-details  in ">
        <pre>org.openqa.selenium.NoSuchElementException: no such element: Unable to locate element: {&quot;method&quot;:&quot;xpath&quot;,&quot;selector&quot;:&quot;//div[.='Steve Jobs (2008)']&quot;}
  (Session info: chrome=110.0.5481.180)
For documentation on this error, please visit: https://www.seleniumhq.org/exceptions/no_such_element.html
Build info: version: '3.141.59', revision: 'e82be7d358', time: '2018-11-14T08:17:03'
System info: host: 'DESKTOP-VNBRN0N', ip: '192.168.1.146', os.name: 'Windows 10', os.arch: 'amd64', os.version: '10.0', java.version: '11.0.18'
Driver info: org.openqa.selenium.chrome.ChromeDriver
Capabilities {acceptInsecureCerts: false, browserName: chrome, browserVersion: 110.0.5481.180, chrome: {chromedriverVersion: 110.0.5481.77 (65ed616c6e8e..., userDataDir: C:\Users\Monster\AppData\Lo...}, goog:chromeOptions: {debuggerAddress: localhost:59338}, javascriptEnabled: true, networkConnectionEnabled: false, pageLoadStrategy: normal, platform: WINDOWS, platformName: WINDOWS, proxy: Proxy(), setWindowRect: true, strictFileInteractability: false, timeouts: {implicit: 0, pageLoad: 300000, script: 30000}, unhandledPromptBehavior: dismiss and notify, webauthn:extension:credBlob: true, webauthn:extension:largeBlob: true, webauthn:virtualAuthenticators: true}
Session ID: b63c82ee6a2b3de400056766a3e02236
*** Element info: {Using=xpath, value=//div[.='Steve Jobs (2008)']}
	at java.base/jdk.internal.reflect.NativeConstructorAccessorImpl.newInstance0(Native Method)
	at java.base/jdk.internal.reflect.NativeConstructorAccessorImpl.newInstance(NativeConstructorAccessorImpl.java:62)
	at java.base/jdk.internal.reflect.DelegatingConstructorAccessorImpl.newInstance(DelegatingConstructorAccessorImpl.java:45)
	at java.base/java.lang.reflect.Constructor.newInstance(Constructor.java:490)
	at org.openqa.selenium.remote.http.W3CHttpResponseCodec.createException(W3CHttpResponseCodec.java:187)
	at org.openqa.selenium.remote.http.W3CHttpResponseCodec.decode(W3CHttpResponseCodec.java:122)
	at org.openqa.selenium.remote.http.W3CHttpResponseCodec.decode(W3CHttpResponseCodec.java:49)
	at org.openqa.selenium.remote.HttpCommandExecutor.execute(HttpCommandExecutor.java:158)
	at org.openqa.selenium.remote.service.DriverCommandExecutor.execute(DriverCommandExecutor.java:83)
	at org.openqa.selenium.remote.RemoteWebDriver.execute(RemoteWebDriver.java:552)
	at org.openqa.selenium.remote.RemoteWebDriver.findElement(RemoteWebDriver.java:323)
	at org.openqa.selenium.remote.RemoteWebDriver.findElementByXPath(RemoteWebDriver.java:428)
	at org.openqa.selenium.By$ByXPath.findElement(By.java:353)
	at org.openqa.selenium.remote.RemoteWebDriver.findElement(RemoteWebDriver.java:315)
	at org.openqa.selenium.support.pagefactory.DefaultElementLocator.findElement(DefaultElementLocator.java:69)
	at org.openqa.selenium.support.pagefactory.internal.LocatingElementHandler.invoke(LocatingElementHandler.java:38)
	at com.sun.proxy.$Proxy20.getText(Unknown Source)
	at com.cydeo.step_definitions.WikiStepDefinitions.userSeesIsInTheImageHeader(WikiStepDefinitions.java:39)
	at &#10045;.User sees &quot;Kate Winslet&gt;&quot; is in the image header(file:///C:/Users/Monster/IdeaProjects/cydeo-cucumber-junit/src/test/resources/features/wikiSearch.feature:27)
</pre>
      </div>
    </div>
  </div>











      </div>
  </div>
</div>




  <div class="inner-level hooks-element-after">
    <div data-toggle="collapse" class=" collapsed  collapsable-control" data-target="#after-39">

<div class="brief passed">
  <span class="keyword indention">Hooks</span>
  <span class="name"></span>


     <i class="chevron fa fa-fw"></i>
</div>

    </div>

    <div id="after-39" class="inner-level collapse collapsable-details ">
        <div class="hook">
          <div class="brief passed">
            <span class="keyword indention">After</span>
              <span class="location name">com.cydeo.step_definitions.Hooks.teardownScenario(io.cucumber.java.Scenario)</span>

  <span class="lead-duration duration">0.377</span>

          </div>






  <div class="embeddings inner-level">
  <div class="embedding indention">
    <div data-toggle="collapse" data-target="#embedding-40" class="collapsable-control">
      <a>Wikipedia Search FunctionalityTitle Verification</a>
      <a href="embeddings/embedding_1812312626.png" download target="_blank">
        <span class="download-button glyphicon glyphicon-download-alt"></span>
      </a>
    </div>
    <div id="embedding-40" class="collapse collapsable-details ">
      <div class="embedding-content">
        <img src="embeddings/embedding_1812312626.png">
      </div>
    </div>
  </div>
  </div>

        </div>
    </div>
  </div>

  </div>
</div>

        </div>

    </div>
  </div>
</div>


<div class="container-fluid">
  <div class="row">
    <div class="col-md-1 col-md-offset-10">
      <i class="fa fa-chevron-circle-down fa-2x collapsable-control"
        onClick="javascript:$('#report .collapsable-details').collapse('show')"></i>
      <i class="fa fa-chevron-circle-up fa-2x collapsable-control"
        onClick="javascript:$('#report .collapsable-details').collapse('hide')"></i>
    </div>
  </div>
</div>

<br/>

<nav class="navbar navbar-default" id="footer">
  <div class="container-fluid">
    <p class="navbar-text navbar-right">
        <small>generate Cucumber HTML reports via:&nbsp;</small>
        <a class="navbar-link" href="https://github.com/jenkinsci/cucumber-reports-plugin">Jenkins Plugin</a> |
        <a class="navbar-link" href="https://github.com/damianszczepanik/cucumber-reporting">Standalone</a> |
        <a class="navbar-link" href="https://github.com/damianszczepanik/cucumber-sandwich">Sandwich</a> |
        <a class="navbar-link" href="https://github.com/damianszczepanik/maven-cucumber-reporting">Maven</a>
        &nbsp;&nbsp;
    </p>
  </div>
</nav>

</body>
</html>
